{"D:\\proyects-2024\\PruebasTecnicas\\Softtek-Prueba-Tecnica\\src\\people\\aplication\\decorator\\MapKeysTranslate.ts": {"path":"D:\\proyects-2024\\PruebasTecnicas\\Softtek-Prueba-Tecnica\\src\\people\\aplication\\decorator\\MapKeysTranslate.ts","statementMap":{"0":{"start":{"line":1,"column":0},"end":{"line":1,"column":16}},"1":{"start":{"line":2,"column":4},"end":{"line":22,"column":6}},"2":{"start":{"line":3,"column":31},"end":{"line":3,"column":47}},"3":{"start":{"line":5,"column":8},"end":{"line":19,"column":10}},"4":{"start":{"line":6,"column":27},"end":{"line":6,"column":65}},"5":{"start":{"line":9,"column":12},"end":{"line":16,"column":13}},"6":{"start":{"line":10,"column":16},"end":{"line":12,"column":18}},"7":{"start":{"line":11,"column":20},"end":{"line":11,"column":48}},"8":{"start":{"line":15,"column":16},"end":{"line":15,"column":66}},"9":{"start":{"line":18,"column":12},"end":{"line":18,"column":26}},"10":{"start":{"line":21,"column":8},"end":{"line":21,"column":26}},"11":{"start":{"line":26,"column":31},"end":{"line":26,"column":33}},"12":{"start":{"line":27,"column":4},"end":{"line":30,"column":5}},"13":{"start":{"line":28,"column":30},"end":{"line":28,"column":49}},"14":{"start":{"line":29,"column":8},"end":{"line":29,"column":48}},"15":{"start":{"line":31,"column":4},"end":{"line":31,"column":25}}},"fnMap":{"0":{"name":"MapKeysTranslate","decl":{"start":{"line":1,"column":16},"end":{"line":1,"column":32}},"loc":{"start":{"line":1,"column":64},"end":{"line":23,"column":1}}},"1":{"name":"(anonymous_1)","decl":{"start":{"line":2,"column":11},"end":{"line":2,"column":21}},"loc":{"start":{"line":2,"column":85},"end":{"line":22,"column":5}}},"2":{"name":"(anonymous_2)","decl":{"start":{"line":5,"column":27},"end":{"line":5,"column":32}},"loc":{"start":{"line":5,"column":57},"end":{"line":19,"column":9}}},"3":{"name":"(anonymous_3)","decl":{"start":{"line":10,"column":46},"end":{"line":10,"column":47}},"loc":{"start":{"line":11,"column":20},"end":{"line":11,"column":48}}},"4":{"name":"translateKeys","decl":{"start":{"line":25,"column":9},"end":{"line":25,"column":22}},"loc":{"start":{"line":25,"column":64},"end":{"line":32,"column":1}}}},"branchMap":{"0":{"loc":{"start":{"line":9,"column":12},"end":{"line":16,"column":13}},"type":"if","locations":[{"start":{"line":9,"column":12},"end":{"line":16,"column":13}},{"start":{"line":13,"column":19},"end":{"line":16,"column":13}}]},"1":{"loc":{"start":{"line":28,"column":30},"end":{"line":28,"column":49}},"type":"binary-expr","locations":[{"start":{"line":28,"column":30},"end":{"line":28,"column":42}},{"start":{"line":28,"column":46},"end":{"line":28,"column":49}}]}},"s":{"0":1,"1":1,"2":1,"3":1,"4":1,"5":1,"6":0,"7":0,"8":1,"9":1,"10":1,"11":1,"12":1,"13":38,"14":38,"15":1},"f":{"0":1,"1":1,"2":1,"3":0,"4":1},"b":{"0":[0,1],"1":[38,38]}}
,"D:\\proyects-2024\\PruebasTecnicas\\Softtek-Prueba-Tecnica\\src\\people\\aplication\\defined\\getAll\\englishToSpanishMapping.ts": {"path":"D:\\proyects-2024\\PruebasTecnicas\\Softtek-Prueba-Tecnica\\src\\people\\aplication\\defined\\getAll\\englishToSpanishMapping.ts","statementMap":{"0":{"start":{"line":1,"column":13},"end":{"line":18,"column":2}}},"fnMap":{},"branchMap":{},"s":{"0":1},"f":{},"b":{}}
,"D:\\proyects-2024\\PruebasTecnicas\\Softtek-Prueba-Tecnica\\src\\people\\aplication\\useCases\\peopleUseCases.ts": {"path":"D:\\proyects-2024\\PruebasTecnicas\\Softtek-Prueba-Tecnica\\src\\people\\aplication\\useCases\\peopleUseCases.ts","statementMap":{"0":{"start":{"line":8,"column":19},"end":{"line":8,"column":53}},"1":{"start":{"line":12,"column":2},"end":{"line":12,"column":null}},"2":{"start":{"line":16,"column":2},"end":{"line":16,"column":null}},"3":{"start":{"line":20,"column":2},"end":{"line":20,"column":null}},"4":{"start":{"line":24,"column":2},"end":{"line":24,"column":null}},"5":{"start":{"line":28,"column":2},"end":{"line":28,"column":null}},"6":{"start":{"line":6,"column":0},"end":{"line":6,"column":13}}},"fnMap":{"0":{"name":"(anonymous_0)","decl":{"start":{"line":7,"column":1},"end":{"line":7,"column":null}},"loc":{"start":{"line":8,"column":53},"end":{"line":9,"column":6}}},"1":{"name":"(anonymous_1)","decl":{"start":{"line":11,"column":1},"end":{"line":11,"column":6}},"loc":{"start":{"line":11,"column":20},"end":{"line":13,"column":2}}},"2":{"name":"(anonymous_2)","decl":{"start":{"line":15,"column":1},"end":{"line":15,"column":6}},"loc":{"start":{"line":15,"column":31},"end":{"line":17,"column":2}}},"3":{"name":"(anonymous_3)","decl":{"start":{"line":19,"column":1},"end":{"line":19,"column":6}},"loc":{"start":{"line":19,"column":27},"end":{"line":21,"column":2}}},"4":{"name":"(anonymous_4)","decl":{"start":{"line":23,"column":1},"end":{"line":23,"column":6}},"loc":{"start":{"line":23,"column":46},"end":{"line":25,"column":2}}},"5":{"name":"(anonymous_5)","decl":{"start":{"line":27,"column":1},"end":{"line":27,"column":6}},"loc":{"start":{"line":27,"column":30},"end":{"line":29,"column":2}}}},"branchMap":{},"s":{"0":1,"1":1,"2":0,"3":0,"4":0,"5":0,"6":1},"f":{"0":1,"1":1,"2":0,"3":0,"4":0,"5":0},"b":{}}
,"D:\\proyects-2024\\PruebasTecnicas\\Softtek-Prueba-Tecnica\\src\\people\\functions\\createPeople.ts": {"path":"D:\\proyects-2024\\PruebasTecnicas\\Softtek-Prueba-Tecnica\\src\\people\\functions\\createPeople.ts","statementMap":{"0":{"start":{"line":2,"column":0},"end":{"line":2,"column":86}},"1":{"start":{"line":3,"column":0},"end":{"line":3,"column":69}},"2":{"start":{"line":4,"column":0},"end":{"line":4,"column":98}},"3":{"start":{"line":7,"column":25},"end":{"line":10,"column":null}},"4":{"start":{"line":12,"column":23},"end":{"line":21,"column":1}},"5":{"start":{"line":14,"column":21},"end":{"line":14,"column":55}},"6":{"start":{"line":16,"column":4},"end":{"line":19,"column":null}},"7":{"start":{"line":12,"column":13},"end":{"line":12,"column":23}}},"fnMap":{"0":{"name":"(anonymous_0)","decl":{"start":{"line":12,"column":23},"end":{"line":12,"column":28}},"loc":{"start":{"line":12,"column":107},"end":{"line":21,"column":1}}}},"branchMap":{},"s":{"0":0,"1":0,"2":0,"3":0,"4":0,"5":0,"6":0,"7":0},"f":{"0":0},"b":{}}
,"D:\\proyects-2024\\PruebasTecnicas\\Softtek-Prueba-Tecnica\\src\\people\\functions\\getPeoples.ts": {"path":"D:\\proyects-2024\\PruebasTecnicas\\Softtek-Prueba-Tecnica\\src\\people\\functions\\getPeoples.ts","statementMap":{"0":{"start":{"line":2,"column":0},"end":{"line":2,"column":86}},"1":{"start":{"line":3,"column":0},"end":{"line":3,"column":69}},"2":{"start":{"line":4,"column":0},"end":{"line":4,"column":98}},"3":{"start":{"line":7,"column":25},"end":{"line":10,"column":null}},"4":{"start":{"line":12,"column":23},"end":{"line":21,"column":1}},"5":{"start":{"line":13,"column":4},"end":{"line":13,"column":null}},"6":{"start":{"line":14,"column":21},"end":{"line":14,"column":55}},"7":{"start":{"line":16,"column":4},"end":{"line":19,"column":null}},"8":{"start":{"line":12,"column":13},"end":{"line":12,"column":23}}},"fnMap":{"0":{"name":"(anonymous_0)","decl":{"start":{"line":12,"column":23},"end":{"line":12,"column":28}},"loc":{"start":{"line":12,"column":121},"end":{"line":21,"column":1}}}},"branchMap":{},"s":{"0":1,"1":1,"2":1,"3":1,"4":1,"5":1,"6":1,"7":1,"8":1},"f":{"0":1},"b":{}}
,"D:\\proyects-2024\\PruebasTecnicas\\Softtek-Prueba-Tecnica\\src\\people\\infrastructure\\adapters\\in\\http\\peopleController.ts": {"path":"D:\\proyects-2024\\PruebasTecnicas\\Softtek-Prueba-Tecnica\\src\\people\\infrastructure\\adapters\\in\\http\\peopleController.ts","statementMap":{"0":{"start":{"line":2,"column":0},"end":{"line":2,"column":26}},"1":{"start":{"line":3,"column":0},"end":{"line":3,"column":84}},"2":{"start":{"line":4,"column":0},"end":{"line":4,"column":103}},"3":{"start":{"line":13,"column":19},"end":{"line":13,"column":47}},"4":{"start":{"line":19,"column":2},"end":{"line":43,"column":3}},"5":{"start":{"line":21,"column":23},"end":{"line":21,"column":75}},"6":{"start":{"line":22,"column":19},"end":{"line":22,"column":43}},"7":{"start":{"line":24,"column":20},"end":{"line":24,"column":66}},"8":{"start":{"line":26,"column":19},"end":{"line":29,"column":5}},"9":{"start":{"line":33,"column":3},"end":{"line":36,"column":5}},"10":{"start":{"line":38,"column":3},"end":{"line":38,"column":null}},"11":{"start":{"line":39,"column":3},"end":{"line":42,"column":null}},"12":{"start":{"line":10,"column":0},"end":{"line":10,"column":13}},"13":{"start":{"line":18,"column":7},"end":{"line":44,"column":null}}},"fnMap":{"0":{"name":"(anonymous_3)","decl":{"start":{"line":12,"column":1},"end":{"line":12,"column":null}},"loc":{"start":{"line":13,"column":47},"end":{"line":14,"column":6}}},"1":{"name":"(anonymous_4)","decl":{"start":{"line":18,"column":1},"end":{"line":18,"column":6}},"loc":{"start":{"line":18,"column":41},"end":{"line":44,"column":2}}}},"branchMap":{"0":{"loc":{"start":{"line":24,"column":20},"end":{"line":24,"column":66}},"type":"binary-expr","locations":[{"start":{"line":24,"column":20},"end":{"line":24,"column":60}},{"start":{"line":24,"column":64},"end":{"line":24,"column":66}}]}},"s":{"0":1,"1":1,"2":1,"3":1,"4":1,"5":1,"6":1,"7":1,"8":0,"9":0,"10":1,"11":1,"12":1,"13":1},"f":{"0":1,"1":1},"b":{"0":[1,0]}}
,"D:\\proyects-2024\\PruebasTecnicas\\Softtek-Prueba-Tecnica\\src\\people\\infrastructure\\repositories\\DynamoDBPeopleRepository.ts": {"path":"D:\\proyects-2024\\PruebasTecnicas\\Softtek-Prueba-Tecnica\\src\\people\\infrastructure\\repositories\\DynamoDBPeopleRepository.ts","statementMap":{"0":{"start":{"line":1,"column":0},"end":{"line":1,"column":26}},"1":{"start":{"line":8,"column":21},"end":{"line":8,"column":54}},"2":{"start":{"line":10,"column":17},"end":{"line":14,"column":16}},"3":{"start":{"line":15,"column":18},"end":{"line":15,"column":28}},"4":{"start":{"line":17,"column":4},"end":{"line":17,"column":null}},"5":{"start":{"line":20,"column":4},"end":{"line":20,"column":47}},"6":{"start":{"line":23,"column":4},"end":{"line":23,"column":47}},"7":{"start":{"line":26,"column":4},"end":{"line":26,"column":47}},"8":{"start":{"line":29,"column":4},"end":{"line":29,"column":47}},"9":{"start":{"line":5,"column":0},"end":{"line":5,"column":13}}},"fnMap":{"0":{"name":"(anonymous_1)","decl":{"start":{"line":6,"column":2},"end":{"line":6,"column":7}},"loc":{"start":{"line":6,"column":21},"end":{"line":18,"column":3}}},"1":{"name":"(anonymous_2)","decl":{"start":{"line":19,"column":2},"end":{"line":19,"column":11}},"loc":{"start":{"line":19,"column":22},"end":{"line":21,"column":3}}},"2":{"name":"(anonymous_3)","decl":{"start":{"line":22,"column":2},"end":{"line":22,"column":11}},"loc":{"start":{"line":22,"column":26},"end":{"line":24,"column":3}}},"3":{"name":"(anonymous_4)","decl":{"start":{"line":25,"column":2},"end":{"line":25,"column":14}},"loc":{"start":{"line":25,"column":41},"end":{"line":27,"column":3}}},"4":{"name":"(anonymous_5)","decl":{"start":{"line":28,"column":2},"end":{"line":28,"column":14}},"loc":{"start":{"line":28,"column":25},"end":{"line":30,"column":3}}}},"branchMap":{},"s":{"0":1,"1":1,"2":1,"3":0,"4":0,"5":0,"6":0,"7":0,"8":0,"9":1},"f":{"0":1,"1":0,"2":0,"3":0,"4":0},"b":{}}
}
